2026-05-07 19:51:04,354 [INFO] Activator:176 - 


2026-05-07 19:51:04,354 [INFO] Activator:177 - !SESSION log4j initialized
2026-05-07 19:51:06,899 [INFO] LogOutputStream:77 - [STDOUT_REDIRECT] 
2026-05-07 19:51:25,301 [INFO] ApplicationProperties:184 - Using Application install path: C:\ST\STM32CubeIDE_1.19.0\STM32CubeIDE\plugins\com.st.stm32cube.common.mx_6.15.0.202507011659
2026-05-07 19:51:25,315 [INFO] DbMcusXml:78 - Set database path to: C:\ST\STM32CubeIDE_1.19.0\STM32CubeIDE\plugins\com.st.stm32cube.common.mx_6.15.0.202507011659\\db\/mcu/
2026-05-07 19:51:25,316 [INFO] ApiDb:274 - Set plugin database path to: C:\ST\STM32CubeIDE_1.19.0\STM32CubeIDE\plugins\com.st.stm32cube.common.mx_6.15.0.202507011659\\db\/plugins/boardmanager/
2026-05-07 19:51:25,316 [WARN] ApiDb:259 - Overriding images path with different value:  => C:\ST\STM32CubeIDE_1.19.0\STM32CubeIDE\plugins\com.st.stm32cube.common.mx_6.15.0.202507011659\\db\/plugins/mcufinder/images/
2026-05-07 19:51:25,321 [INFO] ApiDb:250 - Set database path to: C:\Users\TRETEC\.stmcufinder\plugins\mcufinder//mcu/
2026-05-07 19:51:25,322 [INFO] DbMcusAds:125 - Set database path to: C:\Users\TRETEC\.stmcufinder\plugins\mcufinder//mcu/
2026-05-07 19:51:25,361 [INFO] CrossReferenceDbSqlite:203 - Set database path to: C:\Users\TRETEC\.stmcufinder\plugins\mcufinder//mcu/cs/
2026-05-07 19:51:25,494 [INFO] RulesReader:64 - Compatibility file has been processed (317 Rules)
2026-05-07 19:51:25,555 [INFO] DbMcusXml:78 - Set database path to: C:\ST\STM32CubeIDE_1.19.0\STM32CubeIDE\plugins\com.st.stm32cube.common.mx_6.15.0.202507011659\\db\/mcu/
2026-05-07 19:51:25,555 [INFO] ApiDb:274 - Set plugin database path to: C:\ST\STM32CubeIDE_1.19.0\STM32CubeIDE\plugins\com.st.stm32cube.common.mx_6.15.0.202507011659\\db\/plugins/boardmanager/
2026-05-07 19:51:25,555 [INFO] ApiDb:261 - Set plugin images path to: C:\ST\STM32CubeIDE_1.19.0\STM32CubeIDE\plugins\com.st.stm32cube.common.mx_6.15.0.202507011659\\db\/plugins/mcufinder/images/
2026-05-07 19:51:25,556 [WARN] DbFile:41 - Overriding database path with different value: C:\Users\TRETEC\.stmcufinder\plugins\mcufinder/ => C:\Users\TRETEC\.stmcufinder\plugins\mcufinder
2026-05-07 19:51:25,556 [INFO] ApiDb:250 - Set database path to: C:\Users\TRETEC\.stmcufinder\plugins\mcufinder//mcu/
2026-05-07 19:51:25,556 [WARN] DbFile:41 - Overriding database path with different value: C:\Users\TRETEC\.stmcufinder\plugins\mcufinder/ => C:\Users\TRETEC\.stmcufinder\plugins\mcufinder
2026-05-07 19:51:25,556 [INFO] DbMcusAds:125 - Set database path to: C:\Users\TRETEC\.stmcufinder\plugins\mcufinder//mcu/
2026-05-07 19:51:25,556 [WARN] DbFile:41 - Overriding database path with different value: C:\Users\TRETEC\.stmcufinder\plugins\mcufinder/ => C:\Users\TRETEC\.stmcufinder\plugins\mcufinder
2026-05-07 19:51:25,556 [WARN] DbFile:41 - Overriding database path with different value: C:\Users\TRETEC\.stmcufinder\plugins\mcufinder/ => C:\Users\TRETEC\.stmcufinder\plugins\mcufinder
2026-05-07 19:51:25,556 [INFO] CrossReferenceDbSqlite:203 - Set database path to: C:\Users\TRETEC\.stmcufinder\plugins\mcufinder//mcu/cs/
2026-05-07 19:51:25,619 [INFO] MainPanel:274 - HeapMemory: 268435456
2026-05-07 19:51:25,691 [INFO] DbMcusXml:78 - Set database path to: C:\ST\STM32CubeIDE_1.19.0\STM32CubeIDE\plugins\com.st.stm32cube.common.mx_6.15.0.202507011659\\db\/mcu/
2026-05-07 19:51:25,692 [INFO] ApiDb:274 - Set plugin database path to: C:\ST\STM32CubeIDE_1.19.0\STM32CubeIDE\plugins\com.st.stm32cube.common.mx_6.15.0.202507011659\\db\/plugins/boardmanager/
2026-05-07 19:51:25,692 [INFO] ApiDb:261 - Set plugin images path to: C:\ST\STM32CubeIDE_1.19.0\STM32CubeIDE\plugins\com.st.stm32cube.common.mx_6.15.0.202507011659\\db\/plugins/mcufinder/images/
2026-05-07 19:51:25,692 [WARN] DbFile:41 - Overriding database path with different value: C:\Users\TRETEC\.stmcufinder\plugins\mcufinder/ => C:\Users\TRETEC\.stmcufinder\plugins\mcufinder
2026-05-07 19:51:25,692 [INFO] ApiDb:250 - Set database path to: C:\Users\TRETEC\.stmcufinder\plugins\mcufinder//mcu/
2026-05-07 19:51:25,692 [WARN] DbFile:41 - Overriding database path with different value: C:\Users\TRETEC\.stmcufinder\plugins\mcufinder/ => C:\Users\TRETEC\.stmcufinder\plugins\mcufinder
2026-05-07 19:51:25,692 [INFO] DbMcusAds:125 - Set database path to: C:\Users\TRETEC\.stmcufinder\plugins\mcufinder//mcu/
2026-05-07 19:51:25,692 [WARN] DbFile:41 - Overriding database path with different value: C:\Users\TRETEC\.stmcufinder\plugins\mcufinder/ => C:\Users\TRETEC\.stmcufinder\plugins\mcufinder
2026-05-07 19:51:25,692 [WARN] DbFile:41 - Overriding database path with different value: C:\Users\TRETEC\.stmcufinder\plugins\mcufinder/ => C:\Users\TRETEC\.stmcufinder\plugins\mcufinder
2026-05-07 19:51:25,693 [INFO] CrossReferenceDbSqlite:203 - Set database path to: C:\Users\TRETEC\.stmcufinder\plugins\mcufinder//mcu/cs/
2026-05-07 19:51:25,709 [INFO] ApplicationProperties:184 - Using Application install path: C:\ST\STM32CubeIDE_1.19.0\STM32CubeIDE\plugins\com.st.stm32cube.common.mx_6.15.0.202507011659
2026-05-07 19:51:25,710 [INFO] PluginManage:196 - Search for loadable plugins [exclusion list=, ]
2026-05-07 19:51:25,711 [INFO] PluginManage:310 - Check plugin analytics
2026-05-07 19:51:25,915 [INFO] AnalyticsPlugin:253 - Accepted Software Licenses: 
2026-05-07 19:51:25,915 [INFO] AnalyticsPlugin:255 - Accepted CMSIS Pack Licenses: 
2026-05-07 19:51:25,915 [INFO] AnalyticsPlugin:257 - Accepted Firmware Licenses: FW.F4.1.28.0
2026-05-07 19:51:25,919 [INFO] PluginManage:359 - Loaded plugin analytics (category:tool,tabindex:-1)
2026-05-07 19:51:25,920 [INFO] PluginManage:310 - Check plugin cadmodel
2026-05-07 19:51:25,924 [INFO] CADModel:105 - Init CAD model plugin
2026-05-07 19:51:25,924 [INFO] PluginManage:359 - Loaded plugin cadmodel (category:power,tabindex:5)
2026-05-07 19:51:25,924 [INFO] PluginManage:310 - Check plugin clock
2026-05-07 19:51:25,934 [INFO] PluginManage:359 - Loaded plugin clock (category:base,tabindex:2)
2026-05-07 19:51:25,934 [INFO] PluginManage:310 - Check plugin ddr
2026-05-07 19:51:25,938 [INFO] PluginManage:359 - Loaded plugin ddr (category:tool,tabindex:6)
2026-05-07 19:51:25,938 [INFO] PluginManage:310 - Check plugin filemanager
2026-05-07 19:51:26,111 [INFO] PluginManage:359 - Loaded plugin filemanager (category:base,tabindex:10)
2026-05-07 19:51:26,112 [INFO] PluginManage:310 - Check plugin ipmanager
2026-05-07 19:51:26,120 [INFO] PluginManage:359 - Loaded plugin ipmanager (category:base,tabindex:5)
2026-05-07 19:51:26,120 [INFO] PluginManage:310 - Check plugin lpbam
2026-05-07 19:51:26,128 [INFO] PluginManage:359 - Loaded plugin lpbam (category:base,tabindex:0)
2026-05-07 19:51:26,128 [INFO] PluginManage:310 - Check plugin memorymap
2026-05-07 19:51:26,137 [INFO] PluginManage:359 - Loaded plugin memorymap (category:base,tabindex:4)
2026-05-07 19:51:26,137 [INFO] PluginManage:310 - Check plugin pinoutandconfiguration
2026-05-07 19:51:26,142 [INFO] PluginManage:359 - Loaded plugin pinoutandconfiguration (category:base,tabindex:1)
2026-05-07 19:51:26,142 [INFO] PluginManage:310 - Check plugin pinoutconfig
2026-05-07 19:51:26,209 [WARN] SupportedApi:132 - Cannot load RTOS API schema: s4s-elt-must-match.1: The content of 'definitions' must match (annotation?, (simpleType | complexType)?, (unique | key | keyref)*)). A problem was found starting at: attribute.
2026-05-07 19:51:26,327 [INFO] PluginManage:359 - Loaded plugin pinoutconfig (category:base,tabindex:0)
2026-05-07 19:51:26,327 [INFO] PluginManage:310 - Check plugin power
2026-05-07 19:51:26,333 [INFO] PluginManage:359 - Loaded plugin power (category:power,tabindex:4)
2026-05-07 19:51:26,333 [INFO] PluginManage:310 - Check plugin projectmanager
2026-05-07 19:51:26,346 [INFO] PluginManage:359 - Loaded plugin projectmanager (category:projectmanager,tabindex:4)
2026-05-07 19:51:26,346 [INFO] PluginManage:310 - Check plugin rif
2026-05-07 19:51:26,352 [INFO] PluginManage:359 - Loaded plugin rif (category:base,tabindex:3)
2026-05-07 19:51:26,352 [INFO] PluginManage:310 - Check plugin thirdparty
2026-05-07 19:51:26,473 [INFO] PluginManage:359 - Loaded plugin thirdparty (category:base,tabindex:-1)
2026-05-07 19:51:26,473 [WARN] IntegrityCheckThread:84 - waiting for thirdparty lock release [integrity check]
2026-05-07 19:51:26,473 [INFO] PluginManage:310 - Check plugin tools
2026-05-07 19:51:26,474 [INFO] IntegrityCheckThread:86 - entering critical section [integrity check]
2026-05-07 19:51:26,474 [INFO] ThirdPartyUpdaterWithRetryManager:70 - Updater plugin not ready yet. [1/15]
2026-05-07 19:51:26,476 [INFO] PluginManage:359 - Loaded plugin tools (category:base,tabindex:7)
2026-05-07 19:51:26,476 [INFO] PluginManage:310 - Check plugin tutovideos
2026-05-07 19:51:26,626 [INFO] PluginManage:359 - Loaded plugin tutovideos (category:base,tabindex:-1)
2026-05-07 19:51:26,627 [INFO] PluginManage:310 - Check plugin updater
2026-05-07 19:51:26,642 [INFO] PluginManage:359 - Loaded plugin updater (category:base,tabindex:12)
2026-05-07 19:51:26,642 [INFO] PluginManage:310 - Check plugin userauth
2026-05-07 19:51:26,644 [INFO] UserAuth:118 - Init User Auth plugin
2026-05-07 19:51:26,646 [INFO] PluginManage:359 - Loaded plugin userauth (category:base,tabindex:14)
2026-05-07 19:51:26,646 [INFO] PluginManage:283 - PluginManage : Loaded plugins [18]
2026-05-07 19:51:26,805 [INFO] PinOutPanel:1589 - setPackage(No Configuration,No Configuration)
2026-05-07 19:51:26,875 [INFO] CADModel:165 - CPN selected for project level
2026-05-07 19:51:26,875 [INFO] CADModel:114 - Register for checkConnection events
2026-05-07 19:51:26,887 [INFO] IPUIPlugin:80 - create IPUIPlugin
2026-05-07 19:51:26,887 [INFO] PluginManager:220 - loadIPPluginJar : add adc
2026-05-07 19:51:26,892 [INFO] IPUIPlugin:80 - create IPUIPlugin
2026-05-07 19:51:26,893 [INFO] PluginManager:220 - loadIPPluginJar : add aes
2026-05-07 19:51:26,895 [INFO] IPUIPlugin:80 - create IPUIPlugin
2026-05-07 19:51:26,895 [INFO] PluginManager:220 - loadIPPluginJar : add can
2026-05-07 19:51:26,896 [INFO] IPUIPlugin:80 - create IPUIPlugin
2026-05-07 19:51:26,896 [INFO] PluginManager:220 - loadIPPluginJar : add comp
2026-05-07 19:51:26,898 [INFO] IPUIPlugin:80 - create IPUIPlugin
2026-05-07 19:51:26,898 [INFO] PluginManager:220 - loadIPPluginJar : add cryp
2026-05-07 19:51:26,900 [INFO] IPUIPlugin:80 - create IPUIPlugin
2026-05-07 19:51:26,900 [INFO] PluginManager:220 - loadIPPluginJar : add ddr_ctrl_phy
2026-05-07 19:51:26,904 [INFO] IPUIPlugin:80 - create IPUIPlugin
2026-05-07 19:51:26,904 [INFO] PluginManager:220 - loadIPPluginJar : add dfsdm
2026-05-07 19:51:26,909 [INFO] IPUIPlugin:80 - create IPUIPlugin
2026-05-07 19:51:26,909 [INFO] PluginManager:220 - loadIPPluginJar : add dma
2026-05-07 19:51:26,911 [INFO] IPUIPlugin:80 - create IPUIPlugin
2026-05-07 19:51:26,911 [INFO] PluginManager:220 - loadIPPluginJar : add dma3
2026-05-07 19:51:26,913 [INFO] IPUIPlugin:80 - create IPUIPlugin
2026-05-07 19:51:26,913 [INFO] PluginManager:220 - loadIPPluginJar : add extmemmanager
2026-05-07 19:51:26,914 [INFO] IPUIPlugin:80 - create IPUIPlugin
2026-05-07 19:51:26,914 [INFO] PluginManager:220 - loadIPPluginJar : add fatfs
2026-05-07 19:51:26,918 [INFO] IPUIPlugin:80 - create IPUIPlugin
2026-05-07 19:51:26,918 [INFO] PluginManager:220 - loadIPPluginJar : add fmc
2026-05-07 19:51:26,922 [INFO] IPUIPlugin:80 - create IPUIPlugin
2026-05-07 19:51:26,922 [INFO] PluginManager:220 - loadIPPluginJar : add freertos
2026-05-07 19:51:26,923 [INFO] IPUIPlugin:80 - create IPUIPlugin
2026-05-07 19:51:26,923 [INFO] PluginManager:220 - loadIPPluginJar : add genericplugin
2026-05-07 19:51:26,926 [INFO] IPUIPlugin:80 - create IPUIPlugin
2026-05-07 19:51:26,926 [INFO] PluginManager:220 - loadIPPluginJar : add gfxmmu
2026-05-07 19:51:26,931 [INFO] IPUIPlugin:80 - create IPUIPlugin
2026-05-07 19:51:26,931 [INFO] PluginManager:220 - loadIPPluginJar : add gic
2026-05-07 19:51:26,936 [INFO] IPUIPlugin:80 - create IPUIPlugin
2026-05-07 19:51:26,936 [INFO] PluginManager:220 - loadIPPluginJar : add gpio
2026-05-07 19:51:26,938 [INFO] IPUIPlugin:80 - create IPUIPlugin
2026-05-07 19:51:26,938 [INFO] PluginManager:220 - loadIPPluginJar : add gtzc
2026-05-07 19:51:26,939 [INFO] IPUIPlugin:80 - create IPUIPlugin
2026-05-07 19:51:26,940 [INFO] PluginManager:220 - loadIPPluginJar : add hash
2026-05-07 19:51:26,941 [INFO] IPUIPlugin:80 - create IPUIPlugin
2026-05-07 19:51:26,941 [INFO] PluginManager:220 - loadIPPluginJar : add i2c
2026-05-07 19:51:26,943 [INFO] IPUIPlugin:80 - create IPUIPlugin
2026-05-07 19:51:26,943 [INFO] PluginManager:220 - loadIPPluginJar : add i2s
2026-05-07 19:51:26,945 [INFO] IPUIPlugin:80 - create IPUIPlugin
2026-05-07 19:51:26,946 [INFO] PluginManager:220 - loadIPPluginJar : add i3c
2026-05-07 19:51:26,950 [INFO] IPUIPlugin:80 - create IPUIPlugin
2026-05-07 19:51:26,950 [INFO] PluginManager:220 - loadIPPluginJar : add ipddr
2026-05-07 19:51:26,956 [INFO] IPUIPlugin:80 - create IPUIPlugin
2026-05-07 19:51:26,956 [INFO] PluginManager:220 - loadIPPluginJar : add linkedlist
2026-05-07 19:51:26,958 [INFO] IPUIPlugin:80 - create IPUIPlugin
2026-05-07 19:51:26,959 [INFO] PluginManager:220 - loadIPPluginJar : add lorawan
2026-05-07 19:51:26,960 [INFO] IPUIPlugin:80 - create IPUIPlugin
2026-05-07 19:51:26,960 [INFO] PluginManager:220 - loadIPPluginJar : add ltdc
2026-05-07 19:51:26,963 [INFO] IPUIPlugin:80 - create IPUIPlugin
2026-05-07 19:51:26,963 [INFO] PluginManager:220 - loadIPPluginJar : add mdma
2026-05-07 19:51:26,968 [INFO] IPUIPlugin:80 - create IPUIPlugin
2026-05-07 19:51:26,968 [INFO] PluginManager:220 - loadIPPluginJar : add nvic
2026-05-07 19:51:26,970 [INFO] IPUIPlugin:80 - create IPUIPlugin
2026-05-07 19:51:26,971 [INFO] PluginManager:220 - loadIPPluginJar : add opamp
2026-05-07 19:51:26,973 [INFO] IPUIPlugin:80 - create IPUIPlugin
2026-05-07 19:51:26,973 [INFO] PluginManager:220 - loadIPPluginJar : add openamp
2026-05-07 19:51:26,974 [INFO] IPUIPlugin:80 - create IPUIPlugin
2026-05-07 19:51:26,974 [INFO] PluginManager:220 - loadIPPluginJar : add pdm2pcm
2026-05-07 19:51:26,982 [INFO] IPUIPlugin:80 - create IPUIPlugin
2026-05-07 19:51:26,984 [INFO] PluginManager:220 - loadIPPluginJar : add plateformsettings
2026-05-07 19:51:26,986 [INFO] IPUIPlugin:80 - create IPUIPlugin
2026-05-07 19:51:26,986 [INFO] PluginManager:220 - loadIPPluginJar : add quadspi
2026-05-07 19:51:26,987 [INFO] IPUIPlugin:80 - create IPUIPlugin
2026-05-07 19:51:26,989 [INFO] PluginManager:220 - loadIPPluginJar : add radio
2026-05-07 19:51:26,991 [INFO] IPUIPlugin:80 - create IPUIPlugin
2026-05-07 19:51:26,991 [INFO] PluginManager:220 - loadIPPluginJar : add resmgrutility
2026-05-07 19:51:26,993 [INFO] IPUIPlugin:80 - create IPUIPlugin
2026-05-07 19:51:26,994 [INFO] PluginManager:220 - loadIPPluginJar : add sai
2026-05-07 19:51:26,995 [INFO] IPUIPlugin:80 - create IPUIPlugin
2026-05-07 19:51:26,995 [INFO] PluginManager:220 - loadIPPluginJar : add spi
2026-05-07 19:51:27,000 [INFO] IPUIPlugin:80 - create IPUIPlugin
2026-05-07 19:51:27,000 [INFO] PluginManager:220 - loadIPPluginJar : add stm32_wpan
2026-05-07 19:51:27,002 [INFO] IPUIPlugin:80 - create IPUIPlugin
2026-05-07 19:51:27,002 [INFO] PluginManager:220 - loadIPPluginJar : add tim
2026-05-07 19:51:27,005 [INFO] IPUIPlugin:80 - create IPUIPlugin
2026-05-07 19:51:27,005 [INFO] PluginManager:220 - loadIPPluginJar : add touchsensing
2026-05-07 19:51:27,006 [INFO] IPUIPlugin:80 - create IPUIPlugin
2026-05-07 19:51:27,007 [INFO] PluginManager:220 - loadIPPluginJar : add tracer_emb
2026-05-07 19:51:27,008 [INFO] IPUIPlugin:80 - create IPUIPlugin
2026-05-07 19:51:27,008 [INFO] PluginManager:220 - loadIPPluginJar : add ts
2026-05-07 19:51:27,009 [INFO] IPUIPlugin:80 - create IPUIPlugin
2026-05-07 19:51:27,011 [INFO] PluginManager:220 - loadIPPluginJar : add tsc
2026-05-07 19:51:27,013 [INFO] IPUIPlugin:80 - create IPUIPlugin
2026-05-07 19:51:27,013 [INFO] PluginManager:220 - loadIPPluginJar : add ucpd
2026-05-07 19:51:27,015 [INFO] IPUIPlugin:80 - create IPUIPlugin
2026-05-07 19:51:27,015 [INFO] PluginManager:220 - loadIPPluginJar : add usart
2026-05-07 19:51:27,018 [INFO] IPUIPlugin:80 - create IPUIPlugin
2026-05-07 19:51:27,018 [INFO] PluginManager:220 - loadIPPluginJar : add usbx
2026-05-07 19:51:27,144 [FATAL] Updater:351 - Updater called before beeing initialized
2026-05-07 19:51:27,212 [INFO] RulesReader:64 - Compatibility file has been processed (317 Rules)
2026-05-07 19:51:27,223 [INFO] RulesReader:64 - Compatibility file has been processed (317 Rules)
2026-05-07 19:51:27,229 [INFO] CADModel:165 - CPN selected for project level
2026-05-07 19:51:27,229 [INFO] CADModel:114 - Register for checkConnection events
2026-05-07 19:51:27,229 [FATAL] Updater:351 - Updater called before beeing initialized
2026-05-07 19:51:27,229 [ERROR] CADModel:125 - Updater not yet initialized, retry later 
2026-05-07 19:51:27,339 [FATAL] Updater:351 - Updater called before beeing initialized
2026-05-07 19:51:27,340 [INFO] CADModel:165 - CPN selected for project level
2026-05-07 19:51:27,340 [INFO] CADModel:114 - Register for checkConnection events
2026-05-07 19:51:27,340 [FATAL] Updater:351 - Updater called before beeing initialized
2026-05-07 19:51:27,340 [ERROR] CADModel:125 - Updater not yet initialized, retry later 
2026-05-07 19:51:27,342 [FATAL] Updater:351 - Updater called before beeing initialized
2026-05-07 19:51:27,427 [FATAL] Updater:351 - Updater called before beeing initialized
2026-05-07 19:51:27,431 [INFO] DbMcusAds:53 - JSON generation date=Tue Apr 07 09:33:18 CEST 2026 (1775547198697)
2026-05-07 19:51:27,431 [FATAL] Updater:351 - Updater called before beeing initialized
2026-05-07 19:51:27,460 [WARN] DetailPanel:346 - Failed to get advertising image, set to default
2026-05-07 19:51:27,541 [FATAL] Updater:351 - Updater called before beeing initialized
2026-05-07 19:51:27,543 [FATAL] Updater:351 - Updater called before beeing initialized
2026-05-07 19:51:27,543 [FATAL] Updater:351 - Updater called before beeing initialized
2026-05-07 19:51:27,543 [WARN] DetailPanel:346 - Failed to get advertising image, set to default
2026-05-07 19:51:27,544 [FATAL] Updater:351 - Updater called before beeing initialized
2026-05-07 19:51:27,581 [ERROR] Updater:1198 - MainUpdater not yet initialized. External WinMGr cannot be set.
2026-05-07 19:51:27,582 [INFO] Updater:1134 - Updater Version found : 6.15.0
2026-05-07 19:51:27,594 [INFO] ApplicationProperties:184 - Using Application install path: C:\ST\STM32CubeIDE_1.19.0\STM32CubeIDE\plugins\com.st.stm32cube.common.mx_6.15.0.202507011659
2026-05-07 19:51:29,162 [ERROR] LogOutputStream:75 - [STDERR_REDIRECT] May 07, 2026 7:51:29 PM java.util.prefs.WindowsPreferences <init>
2026-05-07 19:51:29,164 [ERROR] LogOutputStream:75 - [STDERR_REDIRECT] WARNING: Could not open/create prefs root node Software\JavaSoft\Prefs at root 0xffffffff80000002. Windows RegCreateKeyEx(...) returned error code 5.
2026-05-07 19:51:29,164 [ERROR] LogOutputStream:75 - [STDERR_REDIRECT] 
2026-05-07 19:51:29,435 [INFO] MainUpdater:2872 - connection check result : 10
2026-05-07 19:51:29,436 [INFO] MainUpdater:289 - Updater Check For Update Now.
2026-05-07 19:51:29,436 [INFO] MicroXplorer:498 - Change Database Version : DB.6.0.150
2026-05-07 19:51:29,441 [INFO] McuFinderGlobals:63 - Set McuFinder mode to 2 (CubeIDE integrated)
2026-05-07 19:51:29,442 [INFO] UserAuth:487 - Internet connection configuration mode: 1
2026-05-07 19:51:29,467 [INFO] JxBrowserEngine:152 - Initiate JxBrowser Engine with user profile folder
2026-05-07 19:51:29,475 [WARN] MainUpdater:1193 - Updater busy. Cannot search thirdparties
2026-05-07 19:51:29,475 [INFO] ThirdPartyUpdaterWithRetryManager:96 - Updater plugin is busy. [1/15]
2026-05-07 19:51:29,639 [INFO] CheckServerUpdateThread:120 - End of CheckServer Thread
2026-05-07 19:51:40,793 [INFO] Activator:176 - 


2026-05-07 19:51:40,794 [INFO] Activator:177 - !SESSION log4j initialized
2026-05-07 19:51:43,323 [INFO] LogOutputStream:77 - [STDOUT_REDIRECT] 
2026-05-07 19:53:18,936 [INFO] ApplicationProperties:184 - Using Application install path: C:\ST\STM32CubeIDE_1.19.0\STM32CubeIDE\plugins\com.st.stm32cube.common.mx_6.15.0.202507011659
2026-05-07 19:53:18,948 [INFO] DbMcusXml:78 - Set database path to: C:\ST\STM32CubeIDE_1.19.0\STM32CubeIDE\plugins\com.st.stm32cube.common.mx_6.15.0.202507011659\\db\/mcu/
2026-05-07 19:53:18,948 [INFO] ApiDb:274 - Set plugin database path to: C:\ST\STM32CubeIDE_1.19.0\STM32CubeIDE\plugins\com.st.stm32cube.common.mx_6.15.0.202507011659\\db\/plugins/boardmanager/
2026-05-07 19:53:18,948 [WARN] ApiDb:259 - Overriding images path with different value:  => C:\ST\STM32CubeIDE_1.19.0\STM32CubeIDE\plugins\com.st.stm32cube.common.mx_6.15.0.202507011659\\db\/plugins/mcufinder/images/
2026-05-07 19:53:18,952 [INFO] ApiDb:250 - Set database path to: C:\Users\TRETEC\.stmcufinder\plugins\mcufinder//mcu/
2026-05-07 19:53:18,954 [INFO] DbMcusAds:125 - Set database path to: C:\Users\TRETEC\.stmcufinder\plugins\mcufinder//mcu/
2026-05-07 19:53:18,982 [INFO] CrossReferenceDbSqlite:203 - Set database path to: C:\Users\TRETEC\.stmcufinder\plugins\mcufinder//mcu/cs/
2026-05-07 19:53:19,101 [INFO] RulesReader:64 - Compatibility file has been processed (317 Rules)
2026-05-07 19:53:19,166 [INFO] DbMcusXml:78 - Set database path to: C:\ST\STM32CubeIDE_1.19.0\STM32CubeIDE\plugins\com.st.stm32cube.common.mx_6.15.0.202507011659\\db\/mcu/
2026-05-07 19:53:19,166 [INFO] ApiDb:274 - Set plugin database path to: C:\ST\STM32CubeIDE_1.19.0\STM32CubeIDE\plugins\com.st.stm32cube.common.mx_6.15.0.202507011659\\db\/plugins/boardmanager/
2026-05-07 19:53:19,166 [INFO] ApiDb:261 - Set plugin images path to: C:\ST\STM32CubeIDE_1.19.0\STM32CubeIDE\plugins\com.st.stm32cube.common.mx_6.15.0.202507011659\\db\/plugins/mcufinder/images/
2026-05-07 19:53:19,166 [WARN] DbFile:41 - Overriding database path with different value: C:\Users\TRETEC\.stmcufinder\plugins\mcufinder/ => C:\Users\TRETEC\.stmcufinder\plugins\mcufinder
2026-05-07 19:53:19,166 [INFO] ApiDb:250 - Set database path to: C:\Users\TRETEC\.stmcufinder\plugins\mcufinder//mcu/
2026-05-07 19:53:19,166 [WARN] DbFile:41 - Overriding database path with different value: C:\Users\TRETEC\.stmcufinder\plugins\mcufinder/ => C:\Users\TRETEC\.stmcufinder\plugins\mcufinder
2026-05-07 19:53:19,166 [INFO] DbMcusAds:125 - Set database path to: C:\Users\TRETEC\.stmcufinder\plugins\mcufinder//mcu/
2026-05-07 19:53:19,166 [WARN] DbFile:41 - Overriding database path with different value: C:\Users\TRETEC\.stmcufinder\plugins\mcufinder/ => C:\Users\TRETEC\.stmcufinder\plugins\mcufinder
2026-05-07 19:53:19,166 [WARN] DbFile:41 - Overriding database path with different value: C:\Users\TRETEC\.stmcufinder\plugins\mcufinder/ => C:\Users\TRETEC\.stmcufinder\plugins\mcufinder
2026-05-07 19:53:19,166 [INFO] CrossReferenceDbSqlite:203 - Set database path to: C:\Users\TRETEC\.stmcufinder\plugins\mcufinder//mcu/cs/
2026-05-07 19:53:19,225 [INFO] MainPanel:274 - HeapMemory: 268435456
2026-05-07 19:53:19,293 [INFO] DbMcusXml:78 - Set database path to: C:\ST\STM32CubeIDE_1.19.0\STM32CubeIDE\plugins\com.st.stm32cube.common.mx_6.15.0.202507011659\\db\/mcu/
2026-05-07 19:53:19,294 [INFO] ApiDb:274 - Set plugin database path to: C:\ST\STM32CubeIDE_1.19.0\STM32CubeIDE\plugins\com.st.stm32cube.common.mx_6.15.0.202507011659\\db\/plugins/boardmanager/
2026-05-07 19:53:19,294 [INFO] ApiDb:261 - Set plugin images path to: C:\ST\STM32CubeIDE_1.19.0\STM32CubeIDE\plugins\com.st.stm32cube.common.mx_6.15.0.202507011659\\db\/plugins/mcufinder/images/
2026-05-07 19:53:19,294 [WARN] DbFile:41 - Overriding database path with different value: C:\Users\TRETEC\.stmcufinder\plugins\mcufinder/ => C:\Users\TRETEC\.stmcufinder\plugins\mcufinder
2026-05-07 19:53:19,294 [INFO] ApiDb:250 - Set database path to: C:\Users\TRETEC\.stmcufinder\plugins\mcufinder//mcu/
2026-05-07 19:53:19,294 [WARN] DbFile:41 - Overriding database path with different value: C:\Users\TRETEC\.stmcufinder\plugins\mcufinder/ => C:\Users\TRETEC\.stmcufinder\plugins\mcufinder
2026-05-07 19:53:19,294 [INFO] DbMcusAds:125 - Set database path to: C:\Users\TRETEC\.stmcufinder\plugins\mcufinder//mcu/
2026-05-07 19:53:19,294 [WARN] DbFile:41 - Overriding database path with different value: C:\Users\TRETEC\.stmcufinder\plugins\mcufinder/ => C:\Users\TRETEC\.stmcufinder\plugins\mcufinder
2026-05-07 19:53:19,294 [WARN] DbFile:41 - Overriding database path with different value: C:\Users\TRETEC\.stmcufinder\plugins\mcufinder/ => C:\Users\TRETEC\.stmcufinder\plugins\mcufinder
2026-05-07 19:53:19,295 [INFO] CrossReferenceDbSqlite:203 - Set database path to: C:\Users\TRETEC\.stmcufinder\plugins\mcufinder//mcu/cs/
2026-05-07 19:53:19,309 [INFO] ApplicationProperties:184 - Using Application install path: C:\ST\STM32CubeIDE_1.19.0\STM32CubeIDE\plugins\com.st.stm32cube.common.mx_6.15.0.202507011659
2026-05-07 19:53:19,310 [INFO] PluginManage:196 - Search for loadable plugins [exclusion list=, ]
2026-05-07 19:53:19,311 [INFO] PluginManage:310 - Check plugin analytics
2026-05-07 19:53:19,477 [INFO] AnalyticsPlugin:253 - Accepted Software Licenses: 
2026-05-07 19:53:19,477 [INFO] AnalyticsPlugin:255 - Accepted CMSIS Pack Licenses: 
2026-05-07 19:53:19,478 [INFO] AnalyticsPlugin:257 - Accepted Firmware Licenses: FW.F4.1.28.0
2026-05-07 19:53:19,480 [INFO] PluginManage:359 - Loaded plugin analytics (category:tool,tabindex:-1)
2026-05-07 19:53:19,481 [INFO] PluginManage:310 - Check plugin cadmodel
2026-05-07 19:53:19,484 [INFO] CADModel:105 - Init CAD model plugin
2026-05-07 19:53:19,484 [INFO] PluginManage:359 - Loaded plugin cadmodel (category:power,tabindex:5)
2026-05-07 19:53:19,485 [INFO] PluginManage:310 - Check plugin clock
2026-05-07 19:53:19,492 [INFO] PluginManage:359 - Loaded plugin clock (category:base,tabindex:2)
2026-05-07 19:53:19,492 [INFO] PluginManage:310 - Check plugin ddr
2026-05-07 19:53:19,495 [INFO] PluginManage:359 - Loaded plugin ddr (category:tool,tabindex:6)
2026-05-07 19:53:19,495 [INFO] PluginManage:310 - Check plugin filemanager
2026-05-07 19:53:19,668 [INFO] PluginManage:359 - Loaded plugin filemanager (category:base,tabindex:10)
2026-05-07 19:53:19,668 [INFO] PluginManage:310 - Check plugin ipmanager
2026-05-07 19:53:19,676 [INFO] PluginManage:359 - Loaded plugin ipmanager (category:base,tabindex:5)
2026-05-07 19:53:19,676 [INFO] PluginManage:310 - Check plugin lpbam
2026-05-07 19:53:19,685 [INFO] PluginManage:359 - Loaded plugin lpbam (category:base,tabindex:0)
2026-05-07 19:53:19,685 [INFO] PluginManage:310 - Check plugin memorymap
2026-05-07 19:53:19,694 [INFO] PluginManage:359 - Loaded plugin memorymap (category:base,tabindex:4)
2026-05-07 19:53:19,695 [INFO] PluginManage:310 - Check plugin pinoutandconfiguration
2026-05-07 19:53:19,701 [INFO] PluginManage:359 - Loaded plugin pinoutandconfiguration (category:base,tabindex:1)
2026-05-07 19:53:19,702 [INFO] PluginManage:310 - Check plugin pinoutconfig
2026-05-07 19:53:19,772 [WARN] SupportedApi:132 - Cannot load RTOS API schema: s4s-elt-must-match.1: The content of 'definitions' must match (annotation?, (simpleType | complexType)?, (unique | key | keyref)*)). A problem was found starting at: attribute.
2026-05-07 19:53:19,881 [INFO] PluginManage:359 - Loaded plugin pinoutconfig (category:base,tabindex:0)
2026-05-07 19:53:19,881 [INFO] PluginManage:310 - Check plugin power
2026-05-07 19:53:19,888 [INFO] PluginManage:359 - Loaded plugin power (category:power,tabindex:4)
2026-05-07 19:53:19,888 [INFO] PluginManage:310 - Check plugin projectmanager
2026-05-07 19:53:19,901 [INFO] PluginManage:359 - Loaded plugin projectmanager (category:projectmanager,tabindex:4)
2026-05-07 19:53:19,901 [INFO] PluginManage:310 - Check plugin rif
2026-05-07 19:53:19,910 [INFO] PluginManage:359 - Loaded plugin rif (category:base,tabindex:3)
2026-05-07 19:53:19,910 [INFO] PluginManage:310 - Check plugin thirdparty
2026-05-07 19:53:20,016 [INFO] PluginManage:359 - Loaded plugin thirdparty (category:base,tabindex:-1)
2026-05-07 19:53:20,016 [WARN] IntegrityCheckThread:84 - waiting for thirdparty lock release [integrity check]
2026-05-07 19:53:20,016 [INFO] PluginManage:310 - Check plugin tools
2026-05-07 19:53:20,016 [INFO] IntegrityCheckThread:86 - entering critical section [integrity check]
2026-05-07 19:53:20,016 [INFO] ThirdPartyUpdaterWithRetryManager:70 - Updater plugin not ready yet. [1/15]
2026-05-07 19:53:20,018 [INFO] PluginManage:359 - Loaded plugin tools (category:base,tabindex:7)
2026-05-07 19:53:20,018 [INFO] PluginManage:310 - Check plugin tutovideos
2026-05-07 19:53:20,172 [INFO] PluginManage:359 - Loaded plugin tutovideos (category:base,tabindex:-1)
2026-05-07 19:53:20,172 [INFO] PluginManage:310 - Check plugin updater
2026-05-07 19:53:20,191 [INFO] PluginManage:359 - Loaded plugin updater (category:base,tabindex:12)
2026-05-07 19:53:20,191 [INFO] PluginManage:310 - Check plugin userauth
2026-05-07 19:53:20,195 [INFO] UserAuth:118 - Init User Auth plugin
2026-05-07 19:53:20,195 [INFO] PluginManage:359 - Loaded plugin userauth (category:base,tabindex:14)
2026-05-07 19:53:20,196 [INFO] PluginManage:283 - PluginManage : Loaded plugins [18]
2026-05-07 19:53:20,348 [INFO] PinOutPanel:1589 - setPackage(No Configuration,No Configuration)
2026-05-07 19:53:20,419 [INFO] CADModel:165 - CPN selected for project level
2026-05-07 19:53:20,419 [INFO] CADModel:114 - Register for checkConnection events
2026-05-07 19:53:20,430 [INFO] IPUIPlugin:80 - create IPUIPlugin
2026-05-07 19:53:20,430 [INFO] PluginManager:220 - loadIPPluginJar : add adc
2026-05-07 19:53:20,432 [INFO] IPUIPlugin:80 - create IPUIPlugin
2026-05-07 19:53:20,432 [INFO] PluginManager:220 - loadIPPluginJar : add aes
2026-05-07 19:53:20,434 [INFO] IPUIPlugin:80 - create IPUIPlugin
2026-05-07 19:53:20,435 [INFO] PluginManager:220 - loadIPPluginJar : add can
2026-05-07 19:53:20,437 [INFO] IPUIPlugin:80 - create IPUIPlugin
2026-05-07 19:53:20,437 [INFO] PluginManager:220 - loadIPPluginJar : add comp
2026-05-07 19:53:20,438 [INFO] IPUIPlugin:80 - create IPUIPlugin
2026-05-07 19:53:20,438 [INFO] PluginManager:220 - loadIPPluginJar : add cryp
2026-05-07 19:53:20,440 [INFO] IPUIPlugin:80 - create IPUIPlugin
2026-05-07 19:53:20,440 [INFO] PluginManager:220 - loadIPPluginJar : add ddr_ctrl_phy
2026-05-07 19:53:20,442 [INFO] IPUIPlugin:80 - create IPUIPlugin
2026-05-07 19:53:20,442 [INFO] PluginManager:220 - loadIPPluginJar : add dfsdm
2026-05-07 19:53:20,448 [INFO] IPUIPlugin:80 - create IPUIPlugin
2026-05-07 19:53:20,448 [INFO] PluginManager:220 - loadIPPluginJar : add dma
2026-05-07 19:53:20,450 [INFO] IPUIPlugin:80 - create IPUIPlugin
2026-05-07 19:53:20,450 [INFO] PluginManager:220 - loadIPPluginJar : add dma3
2026-05-07 19:53:20,453 [INFO] IPUIPlugin:80 - create IPUIPlugin
2026-05-07 19:53:20,454 [INFO] PluginManager:220 - loadIPPluginJar : add extmemmanager
2026-05-07 19:53:20,456 [INFO] IPUIPlugin:80 - create IPUIPlugin
2026-05-07 19:53:20,456 [INFO] PluginManager:220 - loadIPPluginJar : add fatfs
2026-05-07 19:53:20,459 [INFO] IPUIPlugin:80 - create IPUIPlugin
2026-05-07 19:53:20,460 [INFO] PluginManager:220 - loadIPPluginJar : add fmc
2026-05-07 19:53:20,468 [INFO] IPUIPlugin:80 - create IPUIPlugin
2026-05-07 19:53:20,468 [INFO] PluginManager:220 - loadIPPluginJar : add freertos
2026-05-07 19:53:20,470 [INFO] IPUIPlugin:80 - create IPUIPlugin
2026-05-07 19:53:20,470 [INFO] PluginManager:220 - loadIPPluginJar : add genericplugin
2026-05-07 19:53:20,472 [INFO] IPUIPlugin:80 - create IPUIPlugin
2026-05-07 19:53:20,472 [INFO] PluginManager:220 - loadIPPluginJar : add gfxmmu
2026-05-07 19:53:20,475 [INFO] IPUIPlugin:80 - create IPUIPlugin
2026-05-07 19:53:20,476 [INFO] PluginManager:220 - loadIPPluginJar : add gic
2026-05-07 19:53:20,479 [INFO] IPUIPlugin:80 - create IPUIPlugin
2026-05-07 19:53:20,479 [INFO] PluginManager:220 - loadIPPluginJar : add gpio
2026-05-07 19:53:20,481 [INFO] IPUIPlugin:80 - create IPUIPlugin
2026-05-07 19:53:20,481 [INFO] PluginManager:220 - loadIPPluginJar : add gtzc
2026-05-07 19:53:20,483 [INFO] IPUIPlugin:80 - create IPUIPlugin
2026-05-07 19:53:20,483 [INFO] PluginManager:220 - loadIPPluginJar : add hash
2026-05-07 19:53:20,485 [INFO] IPUIPlugin:80 - create IPUIPlugin
2026-05-07 19:53:20,486 [INFO] PluginManager:220 - loadIPPluginJar : add i2c
2026-05-07 19:53:20,488 [INFO] IPUIPlugin:80 - create IPUIPlugin
2026-05-07 19:53:20,488 [INFO] PluginManager:220 - loadIPPluginJar : add i2s
2026-05-07 19:53:20,490 [INFO] IPUIPlugin:80 - create IPUIPlugin
2026-05-07 19:53:20,490 [INFO] PluginManager:220 - loadIPPluginJar : add i3c
2026-05-07 19:53:20,494 [INFO] IPUIPlugin:80 - create IPUIPlugin
2026-05-07 19:53:20,494 [INFO] PluginManager:220 - loadIPPluginJar : add ipddr
2026-05-07 19:53:20,498 [INFO] IPUIPlugin:80 - create IPUIPlugin
2026-05-07 19:53:20,498 [INFO] PluginManager:220 - loadIPPluginJar : add linkedlist
2026-05-07 19:53:20,502 [INFO] IPUIPlugin:80 - create IPUIPlugin
2026-05-07 19:53:20,502 [INFO] PluginManager:220 - loadIPPluginJar : add lorawan
2026-05-07 19:53:20,503 [INFO] IPUIPlugin:80 - create IPUIPlugin
2026-05-07 19:53:20,503 [INFO] PluginManager:220 - loadIPPluginJar : add ltdc
2026-05-07 19:53:20,508 [INFO] IPUIPlugin:80 - create IPUIPlugin
2026-05-07 19:53:20,508 [INFO] PluginManager:220 - loadIPPluginJar : add mdma
2026-05-07 19:53:20,510 [INFO] IPUIPlugin:80 - create IPUIPlugin
2026-05-07 19:53:20,511 [INFO] PluginManager:220 - loadIPPluginJar : add nvic
2026-05-07 19:53:20,513 [INFO] IPUIPlugin:80 - create IPUIPlugin
2026-05-07 19:53:20,513 [INFO] PluginManager:220 - loadIPPluginJar : add opamp
2026-05-07 19:53:20,516 [INFO] IPUIPlugin:80 - create IPUIPlugin
2026-05-07 19:53:20,516 [INFO] PluginManager:220 - loadIPPluginJar : add openamp
2026-05-07 19:53:20,518 [INFO] IPUIPlugin:80 - create IPUIPlugin
2026-05-07 19:53:20,518 [INFO] PluginManager:220 - loadIPPluginJar : add pdm2pcm
2026-05-07 19:53:20,523 [INFO] IPUIPlugin:80 - create IPUIPlugin
2026-05-07 19:53:20,526 [INFO] PluginManager:220 - loadIPPluginJar : add plateformsettings
2026-05-07 19:53:20,527 [INFO] IPUIPlugin:80 - create IPUIPlugin
2026-05-07 19:53:20,527 [INFO] PluginManager:220 - loadIPPluginJar : add quadspi
2026-05-07 19:53:20,528 [INFO] IPUIPlugin:80 - create IPUIPlugin
2026-05-07 19:53:20,529 [INFO] PluginManager:220 - loadIPPluginJar : add radio
2026-05-07 19:53:20,531 [INFO] IPUIPlugin:80 - create IPUIPlugin
2026-05-07 19:53:20,531 [INFO] PluginManager:220 - loadIPPluginJar : add resmgrutility
2026-05-07 19:53:20,535 [INFO] IPUIPlugin:80 - create IPUIPlugin
2026-05-07 19:53:20,535 [INFO] PluginManager:220 - loadIPPluginJar : add sai
2026-05-07 19:53:20,537 [INFO] IPUIPlugin:80 - create IPUIPlugin
2026-05-07 19:53:20,538 [INFO] PluginManager:220 - loadIPPluginJar : add spi
2026-05-07 19:53:20,541 [INFO] IPUIPlugin:80 - create IPUIPlugin
2026-05-07 19:53:20,542 [INFO] PluginManager:220 - loadIPPluginJar : add stm32_wpan
2026-05-07 19:53:20,543 [INFO] IPUIPlugin:80 - create IPUIPlugin
2026-05-07 19:53:20,543 [INFO] PluginManager:220 - loadIPPluginJar : add tim
2026-05-07 19:53:20,547 [INFO] IPUIPlugin:80 - create IPUIPlugin
2026-05-07 19:53:20,547 [INFO] PluginManager:220 - loadIPPluginJar : add touchsensing
2026-05-07 19:53:20,549 [INFO] IPUIPlugin:80 - create IPUIPlugin
2026-05-07 19:53:20,549 [INFO] PluginManager:220 - loadIPPluginJar : add tracer_emb
2026-05-07 19:53:20,550 [INFO] IPUIPlugin:80 - create IPUIPlugin
2026-05-07 19:53:20,550 [INFO] PluginManager:220 - loadIPPluginJar : add ts
2026-05-07 19:53:20,552 [INFO] IPUIPlugin:80 - create IPUIPlugin
2026-05-07 19:53:20,552 [INFO] PluginManager:220 - loadIPPluginJar : add tsc
2026-05-07 19:53:20,554 [INFO] IPUIPlugin:80 - create IPUIPlugin
2026-05-07 19:53:20,554 [INFO] PluginManager:220 - loadIPPluginJar : add ucpd
2026-05-07 19:53:20,556 [INFO] IPUIPlugin:80 - create IPUIPlugin
2026-05-07 19:53:20,556 [INFO] PluginManager:220 - loadIPPluginJar : add usart
2026-05-07 19:53:20,560 [INFO] IPUIPlugin:80 - create IPUIPlugin
2026-05-07 19:53:20,560 [INFO] PluginManager:220 - loadIPPluginJar : add usbx
2026-05-07 19:53:20,680 [FATAL] Updater:351 - Updater called before beeing initialized
2026-05-07 19:53:20,738 [INFO] RulesReader:64 - Compatibility file has been processed (317 Rules)
2026-05-07 19:53:20,748 [INFO] RulesReader:64 - Compatibility file has been processed (317 Rules)
2026-05-07 19:53:20,756 [INFO] CADModel:165 - CPN selected for project level
2026-05-07 19:53:20,756 [INFO] CADModel:114 - Register for checkConnection events
2026-05-07 19:53:20,756 [FATAL] Updater:351 - Updater called before beeing initialized
2026-05-07 19:53:20,756 [ERROR] CADModel:125 - Updater not yet initialized, retry later 
2026-05-07 19:53:20,864 [FATAL] Updater:351 - Updater called before beeing initialized
2026-05-07 19:53:20,866 [INFO] CADModel:165 - CPN selected for project level
2026-05-07 19:53:20,866 [INFO] CADModel:114 - Register for checkConnection events
2026-05-07 19:53:20,866 [FATAL] Updater:351 - Updater called before beeing initialized
2026-05-07 19:53:20,866 [ERROR] CADModel:125 - Updater not yet initialized, retry later 
2026-05-07 19:53:20,868 [FATAL] Updater:351 - Updater called before beeing initialized
2026-05-07 19:53:20,953 [FATAL] Updater:351 - Updater called before beeing initialized
2026-05-07 19:53:20,957 [INFO] DbMcusAds:53 - JSON generation date=Tue Apr 07 09:33:18 CEST 2026 (1775547198697)
2026-05-07 19:53:20,957 [FATAL] Updater:351 - Updater called before beeing initialized
2026-05-07 19:53:20,984 [WARN] DetailPanel:346 - Failed to get advertising image, set to default
2026-05-07 19:53:21,065 [FATAL] Updater:351 - Updater called before beeing initialized
2026-05-07 19:53:21,066 [FATAL] Updater:351 - Updater called before beeing initialized
2026-05-07 19:53:21,066 [FATAL] Updater:351 - Updater called before beeing initialized
2026-05-07 19:53:21,067 [WARN] DetailPanel:346 - Failed to get advertising image, set to default
2026-05-07 19:53:21,068 [FATAL] Updater:351 - Updater called before beeing initialized
2026-05-07 19:53:21,105 [ERROR] Updater:1198 - MainUpdater not yet initialized. External WinMGr cannot be set.
2026-05-07 19:53:21,106 [INFO] Updater:1134 - Updater Version found : 6.15.0
2026-05-07 19:53:21,119 [INFO] ApplicationProperties:184 - Using Application install path: C:\ST\STM32CubeIDE_1.19.0\STM32CubeIDE\plugins\com.st.stm32cube.common.mx_6.15.0.202507011659
2026-05-07 19:53:22,693 [ERROR] LogOutputStream:75 - [STDERR_REDIRECT] May 07, 2026 7:53:22 PM java.util.prefs.WindowsPreferences <init>
2026-05-07 19:53:22,696 [ERROR] LogOutputStream:75 - [STDERR_REDIRECT] WARNING: Could not open/create prefs root node Software\JavaSoft\Prefs at root 0xffffffff80000002. Windows RegCreateKeyEx(...) returned error code 5.
2026-05-07 19:53:22,696 [ERROR] LogOutputStream:75 - [STDERR_REDIRECT] 
2026-05-07 19:53:22,983 [INFO] MainUpdater:2872 - connection check result : 10
2026-05-07 19:53:22,984 [INFO] MainUpdater:289 - Updater Check For Update Now.
2026-05-07 19:53:22,984 [INFO] MicroXplorer:498 - Change Database Version : DB.6.0.150
2026-05-07 19:53:22,990 [INFO] McuFinderGlobals:63 - Set McuFinder mode to 2 (CubeIDE integrated)
2026-05-07 19:53:22,991 [INFO] UserAuth:487 - Internet connection configuration mode: 1
2026-05-07 19:53:23,007 [INFO] JxBrowserEngine:152 - Initiate JxBrowser Engine with user profile folder
2026-05-07 19:53:23,018 [WARN] MainUpdater:1193 - Updater busy. Cannot search thirdparties
2026-05-07 19:53:23,018 [INFO] ThirdPartyUpdaterWithRetryManager:96 - Updater plugin is busy. [1/15]
2026-05-07 19:53:23,173 [INFO] CheckServerUpdateThread:120 - End of CheckServer Thread
2026-05-07 19:53:23,557 [INFO] WebApp:169 - Instantiating new browser for Auth
2026-05-07 19:53:24,131 [INFO] WebApp:463 - Apply proxy settings
2026-05-07 19:53:24,131 [INFO] WebApp:548 - Chromium requires no authentication
2026-05-07 19:53:24,137 [INFO] WebApp:491 - Direct internet connection detected
2026-05-07 19:53:24,158 [INFO] WebApp:900 - Register for checkConnection events
2026-05-07 19:53:24,158 [INFO] WebApp:463 - Apply proxy settings
2026-05-07 19:53:24,158 [INFO] WebApp:548 - Chromium requires no authentication
2026-05-07 19:53:24,159 [INFO] WebApp:491 - Direct internet connection detected
2026-05-07 19:53:24,290 [INFO] WebApp:191 - Connection restablished
2026-05-07 19:53:24,322 [INFO] WebApp:225 - Starting web application
2026-05-07 19:53:24,322 [INFO] WebApp:593 - Web application path used C:\ST\STM32CubeIDE_1.19.0\STM32CubeIDE\plugins\com.st.stm32cube.common.mx_6.15.0.202507011659\db\plugins\mcufinder\reactClient1\index.html
2026-05-07 19:53:24,413 [INFO] UserAuth:487 - Internet connection configuration mode: 1
2026-05-07 19:53:26,361 [WARN] PackLoader:240 - Cannot read IP mode file for STMicroelectronics.X-CUBE-AZRTOS-H7.3.5.0
2026-05-07 19:53:26,379 [WARN] PackLoader:240 - Cannot read IP mode file for STMicroelectronics.FP-SNS-MOTENVWB1.1.4.0
2026-05-07 19:53:26,387 [WARN] PackLoader:240 - Cannot read IP mode file for STMicroelectronics.FP-ATR-ASTRA1.2.0.2
2026-05-07 19:53:26,398 [WARN] PackLoader:240 - Cannot read IP mode file for STMicroelectronics.X-CUBE-SMBUS.2.1.0
2026-05-07 19:53:26,406 [WARN] PackLoader:240 - Cannot read IP mode file for STMicroelectronics.X-CUBE-ST60.1.0.0
2026-05-07 19:53:26,431 [WARN] PackLoader:240 - Cannot read IP mode file for STMicroelectronics.X-CUBE-AZRTOS-F7.1.1.0
2026-05-07 19:53:26,442 [WARN] PackLoader:240 - Cannot read IP mode file for STMicroelectronics.FP-SNS-MOTENV1.5.1.0
2026-05-07 19:53:26,471 [WARN] PackLoader:240 - Cannot read IP mode file for Infineon.AIROC-Wi-Fi-Bluetooth-STM32.1.7.1
2026-05-07 19:53:26,506 [WARN] PackLoader:240 - Cannot read IP mode file for STMicroelectronics.X-CUBE-AZRTOS-H7.3.4.0
2026-05-07 19:53:26,516 [WARN] PackLoader:240 - Cannot read IP mode file for STMicroelectronics.X-CUBE-DISPLAY.3.0.0
2026-05-07 19:53:26,530 [WARN] PackLoader:240 - Cannot read IP mode file for STMicroelectronics.X-CUBE-GNSS1.7.1.1
2026-05-07 19:53:26,537 [WARN] PackLoader:240 - Cannot read IP mode file for STMicroelectronics.FP-SNS-MOTENVWB1.1.5.0
2026-05-07 19:53:26,542 [WARN] PackLoader:240 - Cannot read IP mode file for STMicroelectronics.X-CUBE-NFC10.1.0.0
2026-05-07 19:53:26,547 [WARN] PackLoader:240 - Cannot read IP mode file for STMicroelectronics.X-CUBE-ST60.1.1.0
2026-05-07 19:53:26,554 [WARN] PackLoader:240 - Cannot read IP mode file for emotas.I-CUBE-CANOPEN.1.3.0
2026-05-07 19:53:26,558 [WARN] PackLoader:240 - Cannot read IP mode file for STMicroelectronics.X-CUBE-GNSS1.7.1.0
2026-05-07 19:53:26,565 [WARN] PackLoader:240 - Cannot read IP mode file for STMicroelectronics.FP-SNS-STBOX1.2.1.0
2026-05-07 19:53:26,571 [WARN] PackLoader:240 - Cannot read IP mode file for STMicroelectronics.FP-SNS-SMARTAG2.1.2.0
2026-05-07 19:53:26,575 [WARN] PackLoader:240 - Cannot read IP mode file for STMicroelectronics.FP-SNS-FLIGHT1.5.1.0
2026-05-07 19:53:26,594 [INFO] LogOutputStream:77 - [STDOUT_REDIRECT] 1 : Invalid condition id : UX_CORESTACK_Condition cause : null
2026-05-07 19:53:26,594 [INFO] LogOutputStream:77 - [STDOUT_REDIRECT] 1 : Invalid condition id : UX_CORESTACK_Condition cause : null
2026-05-07 19:53:26,596 [INFO] LogOutputStream:77 - [STDOUT_REDIRECT] 1 : Invalid condition id : UX_CORESTACK_Condition cause : null
2026-05-07 19:53:26,597 [INFO] LogOutputStream:77 - [STDOUT_REDIRECT] 1 : Invalid condition id : UX_CORESTACK_Condition cause : null
2026-05-07 19:53:26,598 [INFO] LogOutputStream:77 - [STDOUT_REDIRECT] 1 : Invalid condition id : UX_CORESTACK_Condition cause : null
2026-05-07 19:53:26,600 [WARN] PackLoader:240 - Cannot read IP mode file for STMicroelectronics.X-CUBE-AZRTOS-WL.2.0.0
2026-05-07 19:53:26,605 [WARN] PackLoader:240 - Cannot read IP mode file for STMicroelectronics.FP-SNS-MOTENV1.5.0.0
2026-05-07 19:53:26,622 [WARN] PackLoader:240 - Cannot read IP mode file for STMicroelectronics.X-CUBE-AZRTOS-H7RS.1.2.0
2026-05-07 19:53:26,630 [WARN] PackLoader:240 - Cannot read IP mode file for WES.I-CUBE-Cesium.1.3.0
2026-05-07 19:53:26,635 [WARN] PackLoader:240 - Cannot read IP mode file for STMicroelectronics.X-CUBE-BLE2.3.3.0
2026-05-07 19:53:26,655 [WARN] PackLoader:240 - Cannot read IP mode file for STMicroelectronics.X-CUBE-NFC9.1.0.0
2026-05-07 19:53:26,660 [WARN] PackLoader:240 - Cannot read IP mode file for wolfSSL.I-CUBE-wolfSSL.5.8.2
2026-05-07 19:53:26,663 [WARN] PackLoader:240 - Cannot read IP mode file for STMicroelectronics.X-CUBE-BLE1.7.1.0
2026-05-07 19:53:26,667 [WARN] PackLoader:240 - Cannot read IP mode file for wolfSSL.I-CUBE-wolfMQTT.1.19.2
2026-05-07 19:53:26,675 [WARN] PackLoader:240 - Cannot read IP mode file for STMicroelectronics.X-CUBE-EEPRMA1.5.2.0
2026-05-07 19:53:26,681 [WARN] PackLoader:240 - Cannot read IP mode file for STMicroelectronics.FP-SNS-STAIOTCFT.1.1.0
2026-05-07 19:53:26,711 [WARN] PackLoader:240 - Cannot read IP mode file for STMicroelectronics.X-CUBE-MEMS1.12.0.0
2026-05-07 19:53:26,790 [WARN] PackLoader:240 - Cannot read IP mode file for STMicroelectronics.X-CUBE-AZRTOS-G0.1.1.0
2026-05-07 19:53:26,799 [WARN] PackLoader:240 - Cannot read IP mode file for STMicroelectronics.X-CUBE-SAFEA1.1.2.2
2026-05-07 19:53:26,804 [WARN] PackLoader:240 - Cannot read IP mode file for STMicroelectronics.X-CUBE-NFC4.3.0.0
2026-05-07 19:53:26,810 [WARN] PackLoader:240 - Cannot read IP mode file for EmbeddedOffice.I-CUBE-FS-RTOS.1.0.1
2026-05-07 19:53:26,814 [WARN] PackLoader:240 - Cannot read IP mode file for STMicroelectronics.X-CUBE-WB05N.2.0.0
2026-05-07 19:53:26,817 [WARN] PackLoader:240 - Cannot read IP mode file for wolfSSL.I-CUBE-wolfTPM.3.8.0
2026-05-07 19:53:26,830 [WARN] PackLoader:240 - Cannot read IP mode file for STMicroelectronics.X-CUBE-TCPP.4.2.0
2026-05-07 19:53:26,838 [WARN] PackLoader:240 - Cannot read IP mode file for RealThread.X-CUBE-RT-Thread_Nano.4.1.1
2026-05-07 19:53:26,843 [WARN] PackLoader:240 - Cannot read IP mode file for STMicroelectronics.FP-ATR-SIGFOX1.3.2.0
2026-05-07 19:53:26,849 [WARN] PackLoader:240 - Cannot read IP mode file for STMicroelectronics.X-CUBE-FREERTOS.1.5.0
2026-05-07 19:53:26,858 [WARN] PackLoader:240 - Cannot read IP mode file for ITTIA_DB.I-CUBE-ITTIADB.8.9.0
2026-05-07 19:53:26,864 [WARN] PackLoader:240 - Cannot read IP mode file for STMicroelectronics.X-CUBE-NFC6.3.2.0
2026-05-07 19:53:26,875 [WARN] PackLoader:240 - Cannot read IP mode file for STMicroelectronics.X-CUBE-ST67W61.1.0.0
2026-05-07 19:53:26,879 [WARN] PackLoader:240 - Cannot read IP mode file for STMicroelectronics.X-CUBE-AI.10.2.0
2026-05-07 19:53:26,954 [WARN] PackLoader:240 - Cannot read IP mode file for STMicroelectronics.X-CUBE-MEMS1.12.1.0
2026-05-07 19:53:27,039 [WARN] PackLoader:240 - Cannot read IP mode file for SEGGER.I-CUBE-embOS.1.3.1
2026-05-07 19:53:27,078 [WARN] PackLoader:240 - Cannot read IP mode file for STMicroelectronics.X-CUBE-ALGOBUILD.1.4.0
2026-05-07 19:53:27,110 [WARN] PackLoader:240 - Cannot read IP mode file for STMicroelectronics.X-CUBE-MEMS1.11.3.0
2026-05-07 19:53:27,204 [WARN] PackLoader:240 - Cannot read IP mode file for STMicroelectronics.X-CUBE-PM33A1.1.0.0
2026-05-07 19:53:27,213 [WARN] PackLoader:240 - Cannot read IP mode file for STMicroelectronics.X-CUBE-AZRTOS-F4.1.1.0
2026-05-07 19:53:27,218 [WARN] PackLoader:240 - Cannot read IP mode file for Avnet-IotConnect.X-CUBE-IoTC-DA16k-PMOD.1.0.0
2026-05-07 19:53:27,222 [WARN] PackLoader:240 - Cannot read IP mode file for STMicroelectronics.X-CUBE-ISPU.2.1.0
2026-05-07 19:53:27,241 [WARN] PackLoader:240 - Cannot read IP mode file for STMicroelectronics.X-CUBE-IPS.3.2.0
2026-05-07 19:53:27,251 [WARN] PackLoader:240 - Cannot read IP mode file for STMicroelectronics.eDS-WB_DPC_TT-BIDIR.2.1.1
2026-05-07 19:53:27,255 [WARN] PackLoader:240 - Cannot read IP mode file for STMicroelectronics.X-CUBE-NFC12.1.0.0
2026-05-07 19:53:27,267 [WARN] PackLoader:240 - Cannot read IP mode file for STMicroelectronics.X-CUBE-AZRTOS-L5.2.0.0
2026-05-07 19:53:27,273 [WARN] PackLoader:240 - Cannot read IP mode file for STMicroelectronics.X-CUBE-NFC6.3.1.0
2026-05-07 19:53:27,276 [WARN] PackLoader:240 - Cannot read IP mode file for STMicroelectronics.eDS-WB_DPC_VIENNA.1.2.0
2026-05-07 19:53:27,279 [WARN] PackLoader:240 - Cannot read IP mode file for STMicroelectronics.eDS-WB_DPC_3PH2L-BIDIR.1.1.1
2026-05-07 19:53:27,282 [ERROR] Engine:466 - C:\Users\TRETEC\.stm32cubemx\thirdparties\pdsc\STMicroelectronics.X-CUBE-ST67W61.1.3.0.pdsc: PDSC version is not supported
2026-05-07 19:53:27,286 [WARN] PackLoader:240 - Cannot read IP mode file for STMicroelectronics.X-CUBE-FREERTOS.1.3.1
2026-05-07 19:53:27,289 [WARN] PackLoader:240 - Cannot read IP mode file for STMicroelectronics.X-CUBE-TOUCHGFX.4.26.1
2026-05-07 19:53:27,292 [WARN] PackLoader:240 - Cannot read IP mode file for STMicroelectronics.FP-SNS-STAIOTCFT.1.0.0
2026-05-07 19:53:27,297 [WARN] PackLoader:240 - Cannot read IP mode file for STMicroelectronics.X-CUBE-DPower.1.3.0
2026-05-07 19:53:27,307 [WARN] ConditionMgr:438 - getConditionDescription Invalid condition id : LAN8742 Phy interface Condition cause : null
2026-05-07 19:53:27,308 [WARN] PackLoader:240 - Cannot read IP mode file for STMicroelectronics.X-CUBE-AZRTOS-L4.2.0.0
2026-05-07 19:53:27,309 [WARN] ConditionMgr:1044 - genDependencies : Invalid condition id : LAN8742 Phy interface Condition cause : null
2026-05-07 19:53:27,309 [WARN] ConditionMgr:1044 - genDependencies : Invalid condition id : LAN8742 Phy interface Condition cause : null
2026-05-07 19:53:27,310 [WARN] ConditionMgr:1044 - genDependencies : Invalid condition id : LAN8742 Phy interface Condition cause : null
2026-05-07 19:53:27,315 [WARN] PackLoader:240 - Cannot read IP mode file for STMicroelectronics.X-CUBE-SFXS2LP1.4.0.0
2026-05-07 19:53:27,321 [WARN] PackLoader:240 - Cannot read IP mode file for STMicroelectronics.X-CUBE-WB05N.2.1.0
2026-05-07 19:53:27,325 [WARN] PackLoader:240 - Cannot read IP mode file for STMicroelectronics.X-CUBE-ST67W61.1.2.0
2026-05-07 19:53:27,333 [WARN] PackLoader:240 - Cannot read IP mode file for STMicroelectronics.X-CUBE-BLEMGR.4.1.0
2026-05-07 19:53:27,345 [WARN] ConditionMgr:438 - getConditionDescription Invalid condition id : UX DEVICE CLASS RTOS Condition cause : null
2026-05-07 19:53:27,345 [WARN] ConditionMgr:438 - getConditionDescription Invalid condition id : UX DEVICE CLASS RTOS Condition cause : null
2026-05-07 19:53:27,346 [WARN] PackLoader:240 - Cannot read IP mode file for STMicroelectronics.X-CUBE-AZRTOS-WB.2.0.0
2026-05-07 19:53:27,347 [WARN] ConditionMgr:1044 - genDependencies : Invalid condition id : UX DEVICE CLASS RTOS Condition cause : null
2026-05-07 19:53:27,347 [WARN] ConditionMgr:1044 - genDependencies : Invalid condition id : UX DEVICE CLASS RTOS Condition cause : null
2026-05-07 19:53:27,347 [WARN] ConditionMgr:1044 - genDependencies : Invalid condition id : UX DEVICE CLASS RTOS Condition cause : null
2026-05-07 19:53:27,347 [WARN] ConditionMgr:1044 - genDependencies : Invalid condition id : UX DEVICE CLASS RTOS Condition cause : null
2026-05-07 19:53:27,347 [WARN] ConditionMgr:1044 - genDependencies : Invalid condition id : UX DEVICE CLASS RTOS Condition cause : null
2026-05-07 19:53:27,352 [WARN] PackLoader:240 - Cannot read IP mode file for STMicroelectronics.X-CUBE-GNSS1.7.0.1
2026-05-07 19:53:27,355 [WARN] PackLoader:240 - Cannot read IP mode file for STMicroelectronics.X-CUBE-TOUCHGFX.4.25.0
2026-05-07 19:53:27,358 [WARN] ConditionMgr:438 - getConditionDescription Invalid condition id : Cortex-A Device cause : null
2026-05-07 19:53:27,364 [WARN] ConditionMgr:1044 - genDependencies : Invalid condition id : Cortex-A Device cause : null
2026-05-07 19:53:27,364 [WARN] ConditionMgr:1044 - genDependencies : Invalid condition id : Cortex-A Device cause : null
2026-05-07 19:53:27,364 [WARN] ConditionMgr:1044 - genDependencies : Invalid condition id : Cortex-A Device cause : null
2026-05-07 19:53:27,370 [WARN] PackLoader:240 - Cannot read IP mode file for STMicroelectronics.X-CUBE-STSE01.2.0.0
2026-05-07 19:53:27,376 [WARN] PackLoader:240 - Cannot read IP mode file for STMicroelectronics.X-CUBE-SUBG2.5.0.0
2026-05-07 19:53:27,392 [WARN] PackLoader:240 - Cannot read IP mode file for STMicroelectronics.X-CUBE-AZRTOS-H7RS.1.1.0
2026-05-07 19:53:27,396 [WARN] PackLoader:240 - Cannot read IP mode file for Cesanta.I-CUBE-Mongoose.7.13.0
2026-05-07 19:53:27,407 [WARN] PackLoader:240 - Cannot read IP mode file for STMicroelectronics.X-CUBE-AZRTOS-G4.2.0.0
2026-05-07 19:53:27,411 [WARN] PackLoader:240 - Cannot read IP mode file for wolfSSL.I-CUBE-wolfSSH.1.4.20
2026-05-07 19:53:27,414 [WARN] PackLoader:240 - Cannot read IP mode file for STMicroelectronics.X-CUBE-NFC7.2.0.0
2026-05-07 19:53:27,426 [WARN] PackLoader:240 - Cannot read IP mode file for STMicroelectronics.X-CUBE-IPS.3.1.0
2026-05-07 19:53:27,431 [WARN] PackLoader:240 - Cannot read IP mode file for STMicroelectronics.X-CUBE-ALS.1.0.2
2026-05-07 19:53:27,437 [WARN] PackLoader:240 - Cannot read IP mode file for portGmbH.I-Cube-SoM-uGOAL.1.1.0
2026-05-07 19:53:27,444 [WARN] PackLoader:240 - Cannot read IP mode file for STMicroelectronics.X-CUBE-TOF1.3.4.3
2026-05-07 19:53:27,451 [INFO] ThirdParty:978 - Integrity check success = true
2026-05-07 19:53:27,451 [INFO] IntegrityCheckThread:100 - exiting critical section [integrity check]
2026-05-07 19:53:27,451 [INFO] IntegrityCheckThread:103 - End integrity checks thread
2026-05-07 19:54:33,484 [ERROR] LogOutputStream:75 - [STDERR_REDIRECT] 
